
=== Sun Dec  1 12:15:06 2019

Packages were changed.
Update Mode: updateDependencies

The following packages were updated:
  com.unity.ide.vscode from version 1.1.0 to 1.1.2

=== Wed Dec  4 20:35:07 2019

Packages were changed.
Update Mode: updateDependencies

The following packages were updated:
  com.unity.ide.vscode from version 1.1.2 to 1.1.3
  com.unity.render-pipelines.lightweight from version 6.9.2 to 7.1.5
  com.unity.shadergraph from version 6.9.2 to 7.1.5
  com.unity.timeline from version 1.1.0 to 1.2.6
The following packages were removed:
  com.unity.package-manager-ui@2.2.0

=== Wed Mar 18 17:35:19 2020

Packages were changed.
Update Mode: updateDependencies

The following packages were updated:
  com.unity.analytics from version 3.3.2 to 3.3.5
  com.unity.ide.rider from version 1.1.0 to 1.1.4
  com.unity.ide.vscode from version 1.1.3 to 1.1.4
  com.unity.render-pipelines.lightweight from version 7.1.5 to 7.1.8
  com.unity.render-pipelines.universal from version 7.1.6 to 7.1.8
  com.unity.shadergraph from version 7.1.5 to 7.1.8
